245ms app/models/index.js
  228ms node_modules/mongoose/index.js
    228ms node_modules/mongoose/lib/index.js
      122ms node_modules/mongoose/lib/drivers/node-mongodb-native/index.js
        118ms node_modules/mongoose/lib/drivers/node-mongodb-native/binary.js
          117ms node_modules/mongodb/index.js
            82ms node_modules/mongodb/lib/core/index.js
              23ms node_modules/mongodb/lib/core/topologies/server.js
                16ms node_modules/mongodb/lib/core/connection/pool.js
                  12ms node_modules/mongodb/lib/core/connection/connect.js
                    10ms node_modules/mongodb/lib/core/auth/defaultAuthProviders.js
                      6ms node_modules/mongodb/lib/core/auth/scram.js
                        4ms node_modules/saslprep/index.js
                          4ms node_modules/saslprep/lib/memory-code-points.js
                      2ms node_modules/mongodb/lib/core/auth/gssapi.js
                      1ms node_modules/mongodb/lib/core/auth/mongodb_aws.js
                  2ms node_modules/mongodb/lib/core/sessions.js
                    1ms node_modules/mongodb/lib/core/topologies/shared.js
                  1ms node_modules/mongodb/lib/core/connection/apm.js
                4ms node_modules/mongodb/lib/core/wireprotocol/index.js
                  1ms node_modules/mongodb/lib/core/wireprotocol/write_command.js
                    1ms node_modules/mongodb/lib/core/wireprotocol/command.js
                  1ms node_modules/mongodb/lib/core/wireprotocol/get_more.js
                  1ms node_modules/mongodb/lib/core/wireprotocol/query.js
                2ms node_modules/mongodb/lib/core/cursor.js
                  1ms node_modules/mongodb/lib/operations/execute_operation.js
              20ms node_modules/bson/index.js
                11ms node_modules/bson/lib/bson/bson.js
                  2ms node_modules/bson/lib/bson/objectid.js
                  1ms node_modules/bson/lib/bson/map.js
                  1ms node_modules/bson/lib/bson/symbol.js
                  1ms node_modules/bson/lib/bson/decimal128.js
                  1ms node_modules/bson/lib/bson/binary.js
                  1ms node_modules/bson/lib/bson/parser/deserializer.js
                  1ms node_modules/bson/lib/bson/parser/serializer.js
                  1ms node_modules/bson/lib/bson/parser/calculate_size.js
              18ms node_modules/mongodb/lib/core/sdam/topology.js
                14ms node_modules/mongodb/lib/core/sdam/server.js
                  12ms node_modules/mongodb/lib/cmap/connection_pool.js
                    10ms node_modules/mongodb/lib/cmap/connection.js
                      8ms node_modules/mongodb/lib/cmap/message_stream.js
                        8ms node_modules/mongodb/node_modules/bl/bl.js
                          7ms node_modules/mongodb/node_modules/readable-stream/readable.js
                            4ms node_modules/mongodb/node_modules/readable-stream/lib/_stream_readable.js
                              1ms node_modules/mongodb/node_modules/readable-stream/lib/internal/streams/stream.js
                            1ms node_modules/mongodb/node_modules/readable-stream/lib/_stream_passthrough.js
                  1ms node_modules/mongodb/lib/core/sdam/monitor.js
                1ms node_modules/mongodb/lib/core/sdam/server_selection.js
              8ms node_modules/mongodb/lib/core/connection/connection.js
                3ms node_modules/mongodb/lib/core/wireprotocol/shared.js
                  1ms node_modules/mongodb/lib/core/sdam/common.js
                  1ms node_modules/mongodb/lib/core/sdam/topology_description.js
                    1ms node_modules/mongodb/lib/core/sdam/server_description.js
                2ms node_modules/mongodb/lib/core/connection/utils.js
                  1ms node_modules/mongodb/lib/utils.js
                1ms node_modules/mongodb/lib/core/wireprotocol/compression.js
                1ms node_modules/mongodb/lib/core/connection/commands.js
                1ms node_modules/mongodb/lib/core/connection/msg.js
              3ms node_modules/mongodb/node_modules/optional-require/index.js
                2ms node_modules/mongodb/node_modules/optional-require/dist/index.js
              2ms node_modules/mongodb/lib/core/topologies/replset.js
                1ms node_modules/mongodb/lib/core/topologies/replset_state.js
              2ms node_modules/mongodb/lib/core/topologies/mongos.js
              1ms node_modules/mongodb/lib/core/error.js
                1ms node_modules/mongodb/lib/error_codes.js
              1ms node_modules/mongodb/lib/core/uri_parser.js
            30ms node_modules/mongodb/lib/mongo_client.js
              19ms node_modules/mongodb/lib/db.js
                15ms node_modules/mongodb/lib/collection.js
                  1ms node_modules/mongodb/lib/bulk/unordered.js
                    1ms node_modules/mongodb/lib/bulk/common.js
                  1ms node_modules/mongodb/lib/bulk/ordered.js
                  1ms node_modules/mongodb/lib/operations/count_documents.js
                  1ms node_modules/mongodb/lib/operations/delete_one.js
                  1ms node_modules/mongodb/lib/operations/drop.js
                    1ms node_modules/mongodb/lib/operations/command.js
                  1ms node_modules/mongodb/lib/operations/estimated_document_count.js
                  1ms node_modules/mongodb/lib/operations/find_and_modify.js
                  1ms node_modules/mongodb/lib/operations/geo_haystack_search.js
                  1ms node_modules/mongodb/lib/operations/insert_many.js
                  1ms node_modules/mongodb/lib/operations/list_indexes.js
                  1ms node_modules/mongodb/lib/operations/rename.js
                1ms node_modules/mongodb/lib/command_cursor.js
                1ms node_modules/mongodb/lib/operations/add_user.js
                1ms node_modules/mongodb/lib/operations/create_collection.js
                1ms node_modules/mongodb/lib/operations/profiling_level.js
              6ms node_modules/mongodb/lib/change_stream.js
                3ms node_modules/mongodb/lib/cursor.js
                  2ms node_modules/mongodb/lib/operations/cursor_ops.js
                    2ms node_modules/mongodb/lib/operations/collection_ops.js
                      1ms node_modules/mongodb/lib/operations/common_functions.js
                1ms node_modules/mongodb/lib/error.js
              3ms node_modules/mongodb/lib/operations/connect.js
                1ms node_modules/mongodb/lib/topologies/mongos.js
                  1ms node_modules/mongodb/lib/topologies/server.js
              1ms node_modules/mongodb/lib/topologies/native_topology.js
            1ms node_modules/mongodb/lib/gridfs/grid_store.js
            1ms node_modules/mongodb/lib/gridfs-stream/index.js
              1ms node_modules/mongodb/lib/gridfs-stream/upload.js
        3ms node_modules/mongoose/lib/drivers/node-mongodb-native/collection.js
        2ms node_modules/mongoose/lib/drivers/node-mongodb-native/connection.js
          1ms node_modules/mongoose/lib/connection.js
          1ms node_modules/mongoose/lib/helpers/timers.js
        1ms node_modules/mongoose/lib/drivers/node-mongodb-native/decimal128.js
      70ms node_modules/mongoose/lib/document.js
        33ms node_modules/mongoose/lib/internal.js
          33ms node_modules/mongoose/lib/statemachine.js
            33ms node_modules/mongoose/lib/utils.js
              28ms node_modules/mongoose/lib/helpers/promiseOrCallback.js
                28ms node_modules/mongoose/lib/promise_provider.js
                  27ms node_modules/mquery/lib/mquery.js
                    20ms node_modules/bluebird/js/release/bluebird.js
                      2ms node_modules/bluebird/js/release/promise.js
                        1ms node_modules/bluebird/js/release/util.js
                          1ms node_modules/bluebird/js/release/es5.js
                        1ms node_modules/bluebird/js/release/async.js
                        1ms node_modules/bluebird/js/release/errors.js
                        1ms node_modules/bluebird/js/release/debuggability.js
                        1ms node_modules/bluebird/js/release/finally.js
                        1ms node_modules/bluebird/js/release/method.js
                        1ms node_modules/bluebird/js/release/call_get.js
                        1ms node_modules/bluebird/js/release/timers.js
                        1ms node_modules/bluebird/js/release/promisify.js
                        1ms node_modules/bluebird/js/release/race.js
                        1ms node_modules/bluebird/js/release/some.js
                    3ms node_modules/mquery/node_modules/debug/src/index.js
                      2ms node_modules/mquery/node_modules/debug/src/node.js
                        1ms node_modules/mquery/node_modules/debug/src/debug.js
                        1ms node_modules/supports-color/index.js
                    1ms node_modules/mquery/lib/utils.js
                    1ms node_modules/mquery/lib/collection/index.js
                      1ms node_modules/mquery/lib/collection/node.js
                        1ms node_modules/mquery/lib/collection/collection.js
              2ms node_modules/mongoose/lib/options/PopulateOptions.js
                2ms node_modules/mongoose/lib/helpers/clone.js
                  1ms node_modules/mongoose/lib/helpers/isBsonType.js
              1ms node_modules/mpath/index.js
              1ms node_modules/mongoose/lib/types/objectid.js
        24ms node_modules/mongoose/lib/schema.js
          17ms node_modules/mongoose/lib/schema/index.js
            8ms node_modules/mongoose/lib/schema/documentarray.js
              4ms node_modules/mongoose/lib/schema/array.js
                2ms node_modules/mongoose/lib/cast.js
                  1ms node_modules/mongoose/lib/helpers/query/isOperator.js
              2ms node_modules/mongoose/lib/helpers/discriminator/getConstructor.js
              1ms node_modules/mongoose/lib/helpers/model/discriminator.js
                1ms node_modules/mongoose/lib/helpers/document/compile.js
            2ms node_modules/mongoose/lib/schema/buffer.js
              1ms node_modules/mongoose/lib/options/SchemaBufferOptions.js
            2ms node_modules/mongoose/lib/schema/map.js
              1ms node_modules/mongoose/lib/types/map.js
            1ms node_modules/mongoose/lib/schema/string.js
              1ms node_modules/mongoose/lib/options/SchemaStringOptions.js
            1ms node_modules/mongoose/lib/schema/number.js
              1ms node_modules/mongoose/lib/options/SchemaNumberOptions.js
            1ms node_modules/mongoose/lib/schema/boolean.js
            1ms node_modules/mongoose/lib/schema/date.js
              1ms node_modules/mongoose/lib/cast/date.js
            1ms node_modules/mongoose/lib/schema/objectid.js
              1ms node_modules/mongoose/lib/cast/objectid.js
          1ms node_modules/mongoose/lib/options/VirtualOptions.js
          1ms node_modules/mongoose/lib/helpers/timestamps/setupTimestamps.js
            1ms node_modules/mongoose/lib/helpers/update/applyTimestampsToChildren.js
        4ms node_modules/mongoose/lib/error/index.js
          1ms node_modules/mongoose/lib/error/cast.js
          1ms node_modules/mongoose/lib/error/validation.js
        4ms node_modules/mongoose/lib/schema/mixed.js
          2ms node_modules/mongoose/lib/schematype.js
            1ms node_modules/mongoose/lib/schema/operators/exists.js
        1ms node_modules/mongoose/lib/helpers/common.js
        1ms node_modules/mongoose/lib/queryhelpers.js
          1ms node_modules/mongoose/lib/helpers/discriminator/checkEmbeddedDiscriminatorKeyProjection.js
      15ms node_modules/mongoose/lib/model.js
        3ms node_modules/mongoose/lib/helpers/populate/assignVals.js
          2ms node_modules/sift/index.js
            1ms node_modules/sift/lib/index.js
          1ms node_modules/mongoose/lib/helpers/populate/assignRawDocsToIdStructure.js
            1ms node_modules/mongoose/lib/helpers/populate/leanPopulateMap.js
        2ms node_modules/mongoose/lib/aggregate.js
        1ms node_modules/mongoose/lib/options/saveOptions.js
        1ms node_modules/mongoose/lib/error/serverSelection.js
          1ms node_modules/mongoose/lib/helpers/topology/isSSLError.js
        1ms node_modules/mongoose/lib/helpers/model/castBulkWrite.js
        1ms node_modules/mongoose/lib/helpers/populate/getModelsMapForPopulate.js
          1ms node_modules/mongoose/lib/helpers/populate/getSchemaTypes.js
        1ms node_modules/mongoose/lib/helpers/indexes/isIndexEqual.js
        1ms node_modules/mongoose/lib/helpers/populate/removeDeselectedForeignField.js
      9ms node_modules/mongoose/lib/query.js
        1ms node_modules/mongoose/lib/cursor/QueryCursor.js
          1ms node_modules/mongoose/lib/helpers/cursor/eachAsync.js
        1ms node_modules/mongoose/lib/helpers/update/castArrayFilters.js
          1ms node_modules/mongoose/lib/helpers/query/castFilterPath.js
        1ms node_modules/mongoose/lib/helpers/query/castUpdate.js
          1ms node_modules/mongoose/lib/helpers/query/getEmbeddedDiscriminatorPath.js
        1ms node_modules/mongoose/lib/helpers/query/completeMany.js
      3ms node_modules/mongoose/lib/types/index.js
        2ms node_modules/mongoose/lib/types/array.js
          2ms node_modules/mongoose/lib/types/core_array.js
            2ms node_modules/mongoose/lib/types/embedded.js
      1ms node_modules/mongoose-legacy-pluralize/index.js
      1ms node_modules/mongoose/lib/plugins/trackTransaction.js
      1ms node_modules/mongoose/lib/helpers/printJestWarning.js
  9ms app/models/user.model.js
  5ms app/models/role.model.js
  2ms app/models/quiz.model.js
19ms app/routes/auth.routes.js
  17ms app/middlewares/index.js
    17ms app/middlewares/authJwt.js
      16ms node_modules/jsonwebtoken/index.js
        9ms node_modules/jsonwebtoken/verify.js
          7ms node_modules/jsonwebtoken/lib/psSupported.js
            1ms node_modules/jsonwebtoken/node_modules/semver/semver.js
          1ms node_modules/jsonwebtoken/lib/NotBeforeError.js
        3ms node_modules/jsonwebtoken/decode.js
          3ms node_modules/jws/index.js
            2ms node_modules/jws/lib/sign-stream.js
              1ms node_modules/jws/lib/data-stream.js
              1ms node_modules/jwa/index.js
        2ms node_modules/jsonwebtoken/sign.js
  2ms app/controllers/auth.controller.js
    1ms node_modules/bcryptjs/index.js
      1ms node_modules/bcryptjs/dist/bcrypt.js
1ms app/routes/user.routes.js
(node:383226) Warning: No such label 'total' for console.timeEnd()
(Use `node --trace-warnings ...` to show where the warning was created)

  _ _ _      ___                  _   
 | (_) |__  / _ \ _   _  ___  ___| |_ 
 | | | '_ \| | | | | | |/ _ \/ __| __|
 | | | |_) | |_| | |_| |  __/\__ \ |_ 
 |_|_|_.__/ \__\_\\__,_|\___||___/\__|
                                      

[34m╭──────────────────────────────────────────────────────╮[39m
[34m│[39m [33mℹ  API Daemon v1.0.5 started.                       [39m [34m│[39m
[34m│[39m [33mℹ  MongoDB connected to cluster0.cepv6.mongodb.net  [39m [34m│[39m
[34m╰──────────────────────────────────────────────────────╯[39m
[34m[39m
[32m  ✔ Daemon is running on port[39m: 5000
[36m  ℹ Network[39m: https://api.libquest.xyz/
[36m  ℹ Running date[39m: 2022-02-10T01:54:55.484Z
[36m  ℹ System uptime[39m: 3d 23h 43m 53.7s
[36m  ℹ Memory:[39m Used 20.59Mb of 32.41Mb - RSS: 68.87Mb
(node:383226) Warning: No such label '[32m  ✔ App ready in[39m' for console.timeEnd()
[32m  ✔ Successfully connected to MongoDB.[39m
[36m  ℹ Registered users[39m: 0
[36m  ℹ Created quizzes[39m: 1

libQuest, version 1.0.5-prerelease (linux5.11.0-1028-oracle)
These commands are defined internally. Type 'help' to see this list.

A star (*) next to a name means that the command is disabled. 

  get_users
  get_sessions
  get_quizzes
  db_info*
  get_quiz_session [join_code]
  clear
  help
  exit|quit
